  .   ____          _            __ _ _
 /\\ / ___'_ __ _ _(_)_ __  __ _ \ \ \ \
( ( )\___ | '_ | '_| | '_ \/ _` | \ \ \ \
 \\/  ___)| |_)| | | | | || (_| |  ) ) ) )
  '  |____| .__|_| |_|_| |_\__, | / / / /
 =========|_|==============|___/=/_/_/_/

 :: Spring Boot ::                (v3.3.0)

2024-06-05T20:18:18.693Z  INFO 14038 --- [suggest-engine] [           main] c.t.s.SuggestEngineApplication           : Starting SuggestEngineApplication v0.0.1-SNAPSHOT using Java 17.0.11 with PID 14038 (/workspaces/suggest-engine/target/suggest-engine-0.0.1-SNAPSHOT.jar started by vscode in /workspaces/suggest-engine)
2024-06-05T20:18:18.697Z  INFO 14038 --- [suggest-engine] [           main] c.t.s.SuggestEngineApplication           : No active profile set, falling back to 1 default profile: "default"
2024-06-05T20:18:20.022Z  INFO 14038 --- [suggest-engine] [           main] .s.d.r.c.RepositoryConfigurationDelegate : Bootstrapping Spring Data JPA repositories in DEFAULT mode.
2024-06-05T20:18:20.175Z  INFO 14038 --- [suggest-engine] [           main] .s.d.r.c.RepositoryConfigurationDelegate : Finished Spring Data repository scanning in 128 ms. Found 1 JPA repository interface.
2024-06-05T20:18:20.953Z  INFO 14038 --- [suggest-engine] [           main] o.s.b.w.embedded.tomcat.TomcatWebServer  : Tomcat initialized with port 8657 (http)
2024-06-05T20:18:20.970Z  INFO 14038 --- [suggest-engine] [           main] o.apache.catalina.core.StandardService   : Starting service [Tomcat]
2024-06-05T20:18:20.970Z  INFO 14038 --- [suggest-engine] [           main] o.apache.catalina.core.StandardEngine    : Starting Servlet engine: [Apache Tomcat/10.1.24]
2024-06-05T20:18:21.018Z  INFO 14038 --- [suggest-engine] [           main] o.a.c.c.C.[Tomcat].[localhost].[/]       : Initializing Spring embedded WebApplicationContext
2024-06-05T20:18:21.020Z  INFO 14038 --- [suggest-engine] [           main] w.s.c.ServletWebServerApplicationContext : Root WebApplicationContext: initialization completed in 2205 ms
2024-06-05T20:18:21.236Z  INFO 14038 --- [suggest-engine] [           main] o.hibernate.jpa.internal.util.LogHelper  : HHH000204: Processing PersistenceUnitInfo [name: default]
2024-06-05T20:18:21.301Z  INFO 14038 --- [suggest-engine] [           main] org.hibernate.Version                    : HHH000412: Hibernate ORM core version 6.5.2.Final
2024-06-05T20:18:21.342Z  INFO 14038 --- [suggest-engine] [           main] o.h.c.internal.RegionFactoryInitiator    : HHH000026: Second-level cache disabled
2024-06-05T20:18:21.704Z  INFO 14038 --- [suggest-engine] [           main] o.s.o.j.p.SpringPersistenceUnitInfo      : No LoadTimeWeaver setup: ignoring JPA class transformer
2024-06-05T20:18:21.742Z  INFO 14038 --- [suggest-engine] [           main] com.zaxxer.hikari.HikariDataSource       : HikariPool-1 - Starting...
2024-06-05T20:18:22.347Z  INFO 14038 --- [suggest-engine] [           main] com.zaxxer.hikari.pool.HikariPool        : HikariPool-1 - Added connection org.postgresql.jdbc.PgConnection@2ab9e43e
2024-06-05T20:18:22.349Z  INFO 14038 --- [suggest-engine] [           main] com.zaxxer.hikari.HikariDataSource       : HikariPool-1 - Start completed.
2024-06-05T20:18:22.390Z  WARN 14038 --- [suggest-engine] [           main] org.hibernate.orm.deprecation            : HHH90000025: PostgreSQLDialect does not need to be specified explicitly using 'hibernate.dialect' (remove the property setting and it will be selected by default)
2024-06-05T20:18:23.528Z  INFO 14038 --- [suggest-engine] [           main] o.h.e.t.j.p.i.JtaPlatformInitiator       : HHH000489: No JTA platform available (set 'hibernate.transaction.jta.platform' to enable JTA platform integration)
2024-06-05T20:18:23.532Z  INFO 14038 --- [suggest-engine] [           main] j.LocalContainerEntityManagerFactoryBean : Initialized JPA EntityManagerFactory for persistence unit 'default'
2024-06-05T20:18:23.954Z  WARN 14038 --- [suggest-engine] [           main] JpaBaseConfiguration$JpaWebConfiguration : spring.jpa.open-in-view is enabled by default. Therefore, database queries may be performed during view rendering. Explicitly configure spring.jpa.open-in-view to disable this warning
2024-06-05T20:18:23.988Z  INFO 14038 --- [suggest-engine] [           main] o.s.b.a.w.s.WelcomePageHandlerMapping    : Adding welcome page template: index
2024-06-05T20:18:24.528Z  INFO 14038 --- [suggest-engine] [           main] o.s.b.w.embedded.tomcat.TomcatWebServer  : Tomcat started on port 8657 (http) with context path '/'
2024-06-05T20:18:24.551Z  INFO 14038 --- [suggest-engine] [           main] c.t.s.SuggestEngineApplication           : Started SuggestEngineApplication in 6.65 seconds (process running for 7.391)
Suggestion{id=1, name='Alice', suggestion='Improve the user interface for a better user experience.', createdAt='2024-06-05T01:43:47.298114'}
Suggestion{id=2, name='Bob', suggestion='Add more tutorials and documentation.', createdAt='2024-06-05T01:43:47.298114'}
Suggestion{id=3, name='Charlie', suggestion='Implement a dark mode feature.', createdAt='2024-06-05T01:43:47.298114'}
Suggestion{id=4, name='Diana', suggestion='Optimize the loading time for faster access.', createdAt='2024-06-05T01:43:47.298114'}
Suggestion{id=5, name='Eve', suggestion='Provide more detailed error messages.', createdAt='2024-06-05T01:43:47.298114'}
Suggestion{id=6, name='Pasan', suggestion='gRPC, Go', createdAt='2024-06-05T21:38:59.563573'}
Application started ...
2024-06-05T20:18:38.047Z  INFO 14038 --- [suggest-engine] [nio-8657-exec-1] o.a.c.c.C.[Tomcat].[localhost].[/]       : Initializing Spring DispatcherServlet 'dispatcherServlet'
2024-06-05T20:18:38.048Z  INFO 14038 --- [suggest-engine] [nio-8657-exec-1] o.s.web.servlet.DispatcherServlet        : Initializing Servlet 'dispatcherServlet'
2024-06-05T20:18:38.050Z  INFO 14038 --- [suggest-engine] [nio-8657-exec-1] o.s.web.servlet.DispatcherServlet        : Completed initialization in 2 ms
